<?xml version="1.0" encoding="UTF-8"?>
<testng-results ignored="0" total="1" passed="0" failed="1" skipped="0">
  <reporter-output>
  </reporter-output>
  <suite started-at="2022-08-11T19:47:05 IST" name="Default suite" finished-at="2022-08-11T19:48:20 IST" duration-ms="75249">
    <groups>
      <group name="cucumber">
        <method signature="AbstractTestNGCucumberTests.runScenario(io.cucumber.testng.PickleWrapper,io.cucumber.testng.FeatureWrapper)[pri:0, instance:cucumberRunner.ShoppingDemoRunner@49e53c76]" name="runScenario" class="io.cucumber.testng.AbstractTestNGCucumberTests"/>
      </group> <!-- cucumber -->
    </groups>
    <test started-at="2022-08-11T19:47:05 IST" name="Default test" finished-at="2022-08-11T19:48:20 IST" duration-ms="75249">
      <class name="cucumberRunner.ShoppingDemoRunner">
        <test-method is-config="true" signature="setUpClass(org.testng.ITestContext)[pri:0, instance:cucumberRunner.ShoppingDemoRunner@49e53c76]" started-at="2022-08-11T19:47:05 IST" name="setUpClass" finished-at="2022-08-11T19:47:07 IST" duration-ms="1436" status="PASS">
          <params>
            <param index="0">
              <value>
                <![CDATA[org.testng.TestRunner@dbed7fd]]>
              </value>
            </param>
          </params>
          <reporter-output>
          </reporter-output>
        </test-method> <!-- setUpClass -->
        <test-method signature="runScenario(io.cucumber.testng.PickleWrapper,io.cucumber.testng.FeatureWrapper)[pri:0, instance:cucumberRunner.ShoppingDemoRunner@49e53c76]" started-at="2022-08-11T19:47:07 IST" name="runScenario" description="Runs Cucumber Scenarios" data-provider="scenarios" finished-at="2022-08-11T19:48:04 IST" duration-ms="57673" status="FAIL">
          <params>
            <param index="0">
              <value>
                <![CDATA["Add items to cart"]]>
              </value>
            </param>
            <param index="1">
              <value>
                <![CDATA["Place Order from DemoBlaze"]]>
              </value>
            </param>
          </params>
          <exception class="org.openqa.selenium.ElementNotInteractableException">
            <message>
              <![CDATA[element not interactable
  (Session info: chrome=104.0.5112.81)
Build info: version: '4.2.0', revision: '86eb611648'
System info: host: 'DESKTOP-CJEOGTC', ip: '192.168.1.25', os.name: 'Windows 10', os.arch: 'amd64', os.version: '10.0', java.version: '18.0.1.1'
Driver info: org.openqa.selenium.chrome.ChromeDriver
Command: [401810452b7c6d83249fabbc47c3a1ec, clickElement {id=1cb1e0dc-e9d8-405c-8155-dfe5493f6e29}]
Capabilities {acceptInsecureCerts: false, browserName: chrome, browserVersion: 104.0.5112.81, chrome: {chromedriverVersion: 104.0.5112.79 (3cf3e8c8a07d..., userDataDir: C:\Users\jinda\AppData\Loca...}, goog:chromeOptions: {debuggerAddress: localhost:53445}, javascriptEnabled: true, networkConnectionEnabled: false, pageLoadStrategy: normal, platform: WINDOWS, platformName: WINDOWS, proxy: Proxy(), se:cdp: ws://localhost:53445/devtoo..., se:cdpVersion: 104.0.5112.81, setWindowRect: true, strictFileInteractability: false, timeouts: {implicit: 0, pageLoad: 300000, script: 30000}, unhandledPromptBehavior: dismiss and notify, webauthn:extension:credBlob: true, webauthn:extension:largeBlob: true, webauthn:virtualAuthenticators: true}
Element: [[ChromeDriver: chrome on WINDOWS (401810452b7c6d83249fabbc47c3a1ec)] -> css selector: button.page-link#next2]
Session ID: 401810452b7c6d83249fabbc47c3a1ec]]>
            </message>
            <full-stacktrace>
              <![CDATA[org.openqa.selenium.ElementNotInteractableException: element not interactable
  (Session info: chrome=104.0.5112.81)
Build info: version: '4.2.0', revision: '86eb611648'
System info: host: 'DESKTOP-CJEOGTC', ip: '192.168.1.25', os.name: 'Windows 10', os.arch: 'amd64', os.version: '10.0', java.version: '18.0.1.1'
Driver info: org.openqa.selenium.chrome.ChromeDriver
Command: [401810452b7c6d83249fabbc47c3a1ec, clickElement {id=1cb1e0dc-e9d8-405c-8155-dfe5493f6e29}]
Capabilities {acceptInsecureCerts: false, browserName: chrome, browserVersion: 104.0.5112.81, chrome: {chromedriverVersion: 104.0.5112.79 (3cf3e8c8a07d..., userDataDir: C:\Users\jinda\AppData\Loca...}, goog:chromeOptions: {debuggerAddress: localhost:53445}, javascriptEnabled: true, networkConnectionEnabled: false, pageLoadStrategy: normal, platform: WINDOWS, platformName: WINDOWS, proxy: Proxy(), se:cdp: ws://localhost:53445/devtoo..., se:cdpVersion: 104.0.5112.81, setWindowRect: true, strictFileInteractability: false, timeouts: {implicit: 0, pageLoad: 300000, script: 30000}, unhandledPromptBehavior: dismiss and notify, webauthn:extension:credBlob: true, webauthn:extension:largeBlob: true, webauthn:virtualAuthenticators: true}
Element: [[ChromeDriver: chrome on WINDOWS (401810452b7c6d83249fabbc47c3a1ec)] -> css selector: button.page-link#next2]
Session ID: 401810452b7c6d83249fabbc47c3a1ec
at java.base/jdk.internal.reflect.DirectConstructorHandleAccessor.newInstance(DirectConstructorHandleAccessor.java:67)
at java.base/java.lang.reflect.Constructor.newInstanceWithCaller(Constructor.java:499)
at java.base/java.lang.reflect.Constructor.newInstance(Constructor.java:483)
at org.openqa.selenium.remote.codec.w3c.W3CHttpResponseCodec.createException(W3CHttpResponseCodec.java:200)
at org.openqa.selenium.remote.codec.w3c.W3CHttpResponseCodec.decode(W3CHttpResponseCodec.java:133)
at org.openqa.selenium.remote.codec.w3c.W3CHttpResponseCodec.decode(W3CHttpResponseCodec.java:53)
at org.openqa.selenium.remote.HttpCommandExecutor.execute(HttpCommandExecutor.java:184)
at org.openqa.selenium.remote.service.DriverCommandExecutor.invokeExecute(DriverCommandExecutor.java:167)
at org.openqa.selenium.remote.service.DriverCommandExecutor.execute(DriverCommandExecutor.java:142)
at org.openqa.selenium.remote.RemoteWebDriver.execute(RemoteWebDriver.java:566)
at org.openqa.selenium.remote.RemoteWebElement.execute(RemoteWebElement.java:257)
at org.openqa.selenium.remote.RemoteWebElement.click(RemoteWebElement.java:78)
at java.base/jdk.internal.reflect.DirectMethodHandleAccessor.invoke(DirectMethodHandleAccessor.java:104)
at java.base/java.lang.reflect.Method.invoke(Method.java:577)
at org.openqa.selenium.support.pagefactory.internal.LocatingElementHandler.invoke(LocatingElementHandler.java:52)
at jdk.proxy2/jdk.proxy2.$Proxy29.click(Unknown Source)
at pages.AddItemToCart.addItems(AddItemToCart.java:109)
at stepDefinitions.ShoppingOrderStepDefinition.add_an_item_to_cart(ShoppingOrderStepDefinition.java:63)
at ✽.Add an item to cart(file:///C:/Users/jinda/eclipse-workspace/ShoppingCartTesting/src/test/resources/features/ShoppingOrder.feature:6)
]]>
            </full-stacktrace>
          </exception> <!-- org.openqa.selenium.ElementNotInteractableException -->
          <reporter-output>
          </reporter-output>
        </test-method> <!-- runScenario -->
        <test-method is-config="true" signature="tearDownClass()[pri:0, instance:cucumberRunner.ShoppingDemoRunner@49e53c76]" started-at="2022-08-11T19:48:04 IST" name="tearDownClass" finished-at="2022-08-11T19:48:20 IST" duration-ms="16043" status="PASS">
          <reporter-output>
          </reporter-output>
        </test-method> <!-- tearDownClass -->
      </class> <!-- cucumberRunner.ShoppingDemoRunner -->
    </test> <!-- Default test -->
  </suite> <!-- Default suite -->
</testng-results>
